
Table created.

SQL> DESC AGENCE
 Name                                      Null?    Type
 ----------------------------------------- -------- ----------------------------
 IDAGENCE                                  NOT NULL NUMBER
 NOM                                       NOT NULL VARCHAR2(50)
 ADRESSE                                   NOT NULL VARCHAR2(255)
 CONTACT                                   NOT NULL VARCHAR2(255)

SQL> set echo off

Table created.

SQL> DESC PROPRIETAIRE
 Name                                      Null?    Type
 ----------------------------------------- -------- ----------------------------
 IDPROPRI                                  NOT NULL NUMBER
 NOM                                       NOT NULL VARCHAR2(50)
 PRENOM                                    NOT NULL VARCHAR2(50)
 TEL                                       NOT NULL CHAR(10)
 MAIL                                               VARCHAR2(255)
 IBAN                                      NOT NULL VARCHAR2(34)

SQL> set echo off

Table created.

SQL> DESC LOCATAIRE
 Name                                      Null?    Type
 ----------------------------------------- -------- ----------------------------
 IDLOCATAIRE                               NOT NULL NUMBER
 NOM                                       NOT NULL VARCHAR2(50)
 PRENOM                                    NOT NULL VARCHAR2(50)
 TEL                                       NOT NULL CHAR(10)
 MAIL                                               VARCHAR2(255)
 IBAN                                      NOT NULL VARCHAR2(34)

SQL> set echo off

Table created.

SQL> DESC SYNDIC
 Name                                      Null?    Type
 ----------------------------------------- -------- ----------------------------
 IDSYNDIC                                  NOT NULL NUMBER
 NOM                                       NOT NULL VARCHAR2(50)
 PRENOM                                    NOT NULL VARCHAR2(50)
 CONTACT                                   NOT NULL VARCHAR2(255)

SQL> set echo off

Table created.

SQL> DESC BIEN
 Name                                      Null?    Type
 ----------------------------------------- -------- ----------------------------
 IDBIEN                                    NOT NULL NUMBER
 ADRESSE                                   NOT NULL VARCHAR2(255)
 TYPEBAIL                                  NOT NULL NUMBER(1)
 SURFACE                                   NOT NULL NUMBER
 IDAGENCE                                  NOT NULL NUMBER
 IDPROPRI                                  NOT NULL NUMBER
 IDSYNDIC                                  NOT NULL NUMBER

SQL> set echo off

Table created.

SQL> DESC LOCATION
 Name                                      Null?    Type
 ----------------------------------------- -------- ----------------------------
 IDLOCATION                                NOT NULL NUMBER
 DATEDEBUT                                 NOT NULL DATE
 DATEPREVFIN                               NOT NULL DATE
 DATEFIN                                            DATE
 IDLOCATAIRE                               NOT NULL NUMBER
 IDBIEN                                    NOT NULL NUMBER

SQL> set echo off

Table created.

SQL> DESC VISITE
 Name                                      Null?    Type
 ----------------------------------------- -------- ----------------------------
 IDBIEN                                    NOT NULL NUMBER
 DATEVISITE                                NOT NULL DATE
 HEURE                                     NOT NULL NUMBER
 RETOUR                                             VARCHAR2(500)

SQL> set echo off

Table created.

SQL> DESC DPE
 Name                                      Null?    Type
 ----------------------------------------- -------- ----------------------------
 IDBIEN                                    NOT NULL NUMBER
 DATEDEBUT                                 NOT NULL DATE
 DADATEFIN                                 NOT NULL DATE
 CLASSEENERGIE                             NOT NULL CHAR(1)
 CLASSECLIMAT                              NOT NULL CHAR(1)
 CONSOMATION                               NOT NULL NUMBER
 EMISSIONS                                 NOT NULL NUMBER
 MENTION                                            VARCHAR2(30)

SQL> set echo off
